[debug] [2022-11-28T17:06:27.387Z] ----------------------------------------------------------------------
[debug] [2022-11-28T17:06:27.389Z] Command:       C:\Program Files\nodejs\node.exe C:\Users\ARC\AppData\Roaming\npm\node_modules\firebase-tools\lib\bin\firebase.js deploy
[debug] [2022-11-28T17:06:27.389Z] CLI Version:   11.16.1
[debug] [2022-11-28T17:06:27.389Z] Platform:      win32
[debug] [2022-11-28T17:06:27.389Z] Node Version:  v18.12.1
[debug] [2022-11-28T17:06:27.394Z] Time:          Mon Nov 28 2022 23:06:27 GMT+0600 (Bangladesh Standard Time)
[debug] [2022-11-28T17:06:27.395Z] ----------------------------------------------------------------------
[debug] 
[debug] [2022-11-28T17:06:27.480Z] > command requires scopes: ["email","openid","https://www.googleapis.com/auth/cloudplatformprojects.readonly","https://www.googleapis.com/auth/firebase","https://www.googleapis.com/auth/cloud-platform"]
[debug] [2022-11-28T17:06:27.480Z] > authorizing via signed-in user (atahershihab151@gmail.com)
[debug] [2022-11-28T17:06:27.480Z] [iam] checking project mobibuyy for permissions ["firebase.projects.get","firebasehosting.sites.update"]
[debug] [2022-11-28T17:06:27.482Z] > refreshing access token with scopes: []
[debug] [2022-11-28T17:06:27.484Z] >>> [apiv2][query] POST https://www.googleapis.com/oauth2/v3/token [none]
[debug] [2022-11-28T17:06:27.484Z] >>> [apiv2][body] POST https://www.googleapis.com/oauth2/v3/token [omitted]
[debug] [2022-11-28T17:06:27.918Z] <<< [apiv2][status] POST https://www.googleapis.com/oauth2/v3/token 200
[debug] [2022-11-28T17:06:27.918Z] <<< [apiv2][body] POST https://www.googleapis.com/oauth2/v3/token [omitted]
[debug] [2022-11-28T17:06:27.925Z] >>> [apiv2][query] POST https://cloudresourcemanager.googleapis.com/v1/projects/mobibuyy:testIamPermissions [none]
[debug] [2022-11-28T17:06:27.926Z] >>> [apiv2][(partial)header] POST https://cloudresourcemanager.googleapis.com/v1/projects/mobibuyy:testIamPermissions x-goog-quota-user=projects/mobibuyy
[debug] [2022-11-28T17:06:27.926Z] >>> [apiv2][body] POST https://cloudresourcemanager.googleapis.com/v1/projects/mobibuyy:testIamPermissions {"permissions":["firebase.projects.get","firebasehosting.sites.update"]}
[debug] [2022-11-28T17:06:29.625Z] <<< [apiv2][status] POST https://cloudresourcemanager.googleapis.com/v1/projects/mobibuyy:testIamPermissions 200
[debug] [2022-11-28T17:06:29.625Z] <<< [apiv2][body] POST https://cloudresourcemanager.googleapis.com/v1/projects/mobibuyy:testIamPermissions {"permissions":["firebase.projects.get","firebasehosting.sites.update"]}
[debug] [2022-11-28T17:06:29.626Z] >>> [apiv2][query] GET https://firebase.googleapis.com/v1beta1/projects/mobibuyy [none]
[debug] [2022-11-28T17:06:30.390Z] <<< [apiv2][status] GET https://firebase.googleapis.com/v1beta1/projects/mobibuyy 200
[debug] [2022-11-28T17:06:30.390Z] <<< [apiv2][body] GET https://firebase.googleapis.com/v1beta1/projects/mobibuyy {"projectId":"mobibuyy","projectNumber":"716746606364","displayName":"mobiBuyy","name":"projects/mobibuyy","resources":{"hostingSite":"mobibuyy"},"state":"ACTIVE","etag":"1_8e9001dd-a464-4cd6-9c69-f1fad1920d47"}
[info] 
[info] === Deploying to 'mobibuyy'...
[info] 
[info] i  deploying hosting 
[debug] [2022-11-28T17:06:30.396Z] >>> [apiv2][query] POST https://firebasehosting.googleapis.com/v1beta1/projects/-/sites/mobibuyy/versions [none]
[debug] [2022-11-28T17:06:30.396Z] >>> [apiv2][body] POST https://firebasehosting.googleapis.com/v1beta1/projects/-/sites/mobibuyy/versions {"status":"CREATED","labels":{"deployment-tool":"cli-firebase"}}
[debug] [2022-11-28T17:06:32.183Z] <<< [apiv2][status] POST https://firebasehosting.googleapis.com/v1beta1/projects/-/sites/mobibuyy/versions 200
[debug] [2022-11-28T17:06:32.184Z] <<< [apiv2][body] POST https://firebasehosting.googleapis.com/v1beta1/projects/-/sites/mobibuyy/versions {"name":"projects/716746606364/sites/mobibuyy/versions/c5e95c5f9f556192","status":"CREATED","config":{},"labels":{"deployment-tool":"cli-firebase"}}
[debug] [2022-11-28T17:23:53.136Z] ----------------------------------------------------------------------
[debug] [2022-11-28T17:23:53.138Z] Command:       C:\Program Files\nodejs\node.exe C:\Users\ARC\AppData\Roaming\npm\node_modules\firebase-tools\lib\bin\firebase.js deploy
[debug] [2022-11-28T17:23:53.139Z] CLI Version:   11.16.1
[debug] [2022-11-28T17:23:53.139Z] Platform:      win32
[debug] [2022-11-28T17:23:53.139Z] Node Version:  v18.12.1
[debug] [2022-11-28T17:23:53.144Z] Time:          Mon Nov 28 2022 23:23:53 GMT+0600 (Bangladesh Standard Time)
[debug] [2022-11-28T17:23:53.145Z] ----------------------------------------------------------------------
[debug] 
[debug] [2022-11-28T17:23:53.224Z] > command requires scopes: ["email","openid","https://www.googleapis.com/auth/cloudplatformprojects.readonly","https://www.googleapis.com/auth/firebase","https://www.googleapis.com/auth/cloud-platform"]
[debug] [2022-11-28T17:23:53.224Z] > authorizing via signed-in user (atahershihab151@gmail.com)
[debug] [2022-11-28T17:23:53.224Z] [iam] checking project mobibuyy for permissions ["firebase.projects.get","firebasehosting.sites.update"]
[debug] [2022-11-28T17:23:53.227Z] >>> [apiv2][query] POST https://cloudresourcemanager.googleapis.com/v1/projects/mobibuyy:testIamPermissions [none]
[debug] [2022-11-28T17:23:53.228Z] >>> [apiv2][(partial)header] POST https://cloudresourcemanager.googleapis.com/v1/projects/mobibuyy:testIamPermissions x-goog-quota-user=projects/mobibuyy
[debug] [2022-11-28T17:23:53.228Z] >>> [apiv2][body] POST https://cloudresourcemanager.googleapis.com/v1/projects/mobibuyy:testIamPermissions {"permissions":["firebase.projects.get","firebasehosting.sites.update"]}
[debug] [2022-11-28T17:23:55.141Z] <<< [apiv2][status] POST https://cloudresourcemanager.googleapis.com/v1/projects/mobibuyy:testIamPermissions 200
[debug] [2022-11-28T17:23:55.141Z] <<< [apiv2][body] POST https://cloudresourcemanager.googleapis.com/v1/projects/mobibuyy:testIamPermissions {"permissions":["firebase.projects.get","firebasehosting.sites.update"]}
[debug] [2022-11-28T17:23:55.142Z] >>> [apiv2][query] GET https://firebase.googleapis.com/v1beta1/projects/mobibuyy [none]
[debug] [2022-11-28T17:23:55.736Z] <<< [apiv2][status] GET https://firebase.googleapis.com/v1beta1/projects/mobibuyy 200
[debug] [2022-11-28T17:23:55.736Z] <<< [apiv2][body] GET https://firebase.googleapis.com/v1beta1/projects/mobibuyy {"projectId":"mobibuyy","projectNumber":"716746606364","displayName":"mobiBuyy","name":"projects/mobibuyy","resources":{"hostingSite":"mobibuyy"},"state":"ACTIVE","etag":"1_8e9001dd-a464-4cd6-9c69-f1fad1920d47"}
[info] 
[info] === Deploying to 'mobibuyy'...
[info] 
[info] i  deploying hosting 
[debug] [2022-11-28T17:23:55.747Z] >>> [apiv2][query] POST https://firebasehosting.googleapis.com/v1beta1/projects/-/sites/mobibuyy/versions [none]
[debug] [2022-11-28T17:23:55.747Z] >>> [apiv2][body] POST https://firebasehosting.googleapis.com/v1beta1/projects/-/sites/mobibuyy/versions {"status":"CREATED","labels":{"deployment-tool":"cli-firebase"}}
[debug] [2022-11-28T17:23:58.618Z] <<< [apiv2][status] POST https://firebasehosting.googleapis.com/v1beta1/projects/-/sites/mobibuyy/versions 200
[debug] [2022-11-28T17:23:58.618Z] <<< [apiv2][body] POST https://firebasehosting.googleapis.com/v1beta1/projects/-/sites/mobibuyy/versions {"name":"projects/716746606364/sites/mobibuyy/versions/f4c543fff011e209","status":"CREATED","config":{},"labels":{"deployment-tool":"cli-firebase"}}
[info] i  hosting[mobibuyy]: beginning deploy... 
[info] i  hosting[mobibuyy]: found 16 files in build 
[debug] [2022-11-28T17:23:58.630Z] [hosting] uploading with 200 concurrency
[debug] [2022-11-28T17:23:58.896Z] [hosting] hash cache [YnVpbGQ] stored for 16 files
[debug] [2022-11-28T17:23:58.897Z] [hosting][hash queue][FINAL] {"max":257,"min":2,"avg":23.3125,"active":0,"complete":16,"success":16,"errored":0,"retried":0,"total":16,"elapsed":263}
[debug] [2022-11-28T17:23:58.897Z] >>> [apiv2][query] POST https://firebasehosting.googleapis.com/v1beta1/projects/716746606364/sites/mobibuyy/versions/f4c543fff011e209:populateFiles [none]
[debug] [2022-11-28T17:23:58.897Z] >>> [apiv2][body] POST https://firebasehosting.googleapis.com/v1beta1/projects/716746606364/sites/mobibuyy/versions/f4c543fff011e209:populateFiles {"files":{"/fa":"f0e2048047ebc641423a5706080245bb88920c21501a64d7b669dba930e5123b","/favicon.ico":"f0e2048047ebc641423a5706080245bb88920c21501a64d7b669dba930e5123b","/logo192.png":"3ee59515172ee198f3be375979df15ac5345183e656720a381b8872b2a39dc8b","/logo512.png":"ee7e2f3fdb8209c4b6fd7bef6ba50d1b9dba30a25bb5c3126df057e1cb6f5331","/manifest.json":"aff3449bdc238776f5d6d967f19ec491b36aed5fb7f23ccff6500736fd58494a","/robots.txt":"bfe106a3fb878dc83461c86818bf74fc1bdc7f28538ba613cd3e775516ce8b49","/asset-manifest.json":"d157861e6e3950707a0a0c4323913d08ebb7b716dbd125f77c1705ab29b5d45c","/index.html":"0b03c9772aa89315f58413258fbcb7895066b45080a4bc7e8013f42802feff7a","/static/js/787.10196e7a.chunk.js":"05f669e7315f9f9e0327036c1f4b8ad91f03bd5c9df10dcae65e245a444bf3a3","/static/js/787.10196e7a.chunk.js.map":"4b050ba441d4b4ca688ed40cc15a21b6a27ba5e8b8a4966e5348420128ac5da9","/static/js/main.2fcc5fe5.js.LICENSE.txt":"f621b4e7f4e61953028a8d52b85cfaaac237bfffcb40034341de36786ecc3b16","/static/css/main.1753672f.css.map":"e1d12f7253dd1bb45721b85e760117053b4c5a6707d68cdcf097ee791f12eabe","/static/css/main.1753672f.css":"8d2f3c50d7679ba4fccca061200137486930a6ac11fb9a00ab22d1885e685343","/static/media/bannerImg.655dda82f5acba0497c9.png":"34716f6e46b7e2af4723465744b42f297c7aad6a739a713532d705d4b09095f1","/static/js/main.2fcc5fe5.js":"1718053c0314b9db9a1fade26165263f0e0059436ed3fc8f155068a425d0647e","/static/js/main.2fcc5fe5.js.map":"a638384b3d87b2a12356ce905579226654719c3d3c56be7f55341702c8a3888e"}}
[debug] [2022-11-28T17:24:00.350Z] <<< [apiv2][status] POST https://firebasehosting.googleapis.com/v1beta1/projects/716746606364/sites/mobibuyy/versions/f4c543fff011e209:populateFiles 200
[debug] [2022-11-28T17:24:00.351Z] <<< [apiv2][body] POST https://firebasehosting.googleapis.com/v1beta1/projects/716746606364/sites/mobibuyy/versions/f4c543fff011e209:populateFiles {"uploadRequiredHashes":["1718053c0314b9db9a1fade26165263f0e0059436ed3fc8f155068a425d0647e","0b03c9772aa89315f58413258fbcb7895066b45080a4bc7e8013f42802feff7a","a638384b3d87b2a12356ce905579226654719c3d3c56be7f55341702c8a3888e","d157861e6e3950707a0a0c4323913d08ebb7b716dbd125f77c1705ab29b5d45c"],"uploadUrl":"https://upload-firebasehosting.googleapis.com/upload/sites/mobibuyy/versions/f4c543fff011e209/files"}
[debug] [2022-11-28T17:24:00.352Z] >>> [apiv2][query] POST https://upload-firebasehosting.googleapis.com/upload/sites/mobibuyy/versions/f4c543fff011e209/files/1718053c0314b9db9a1fade26165263f0e0059436ed3fc8f155068a425d0647e [none]
[debug] [2022-11-28T17:24:00.352Z] >>> [apiv2][body] POST https://upload-firebasehosting.googleapis.com/upload/sites/mobibuyy/versions/f4c543fff011e209/files/1718053c0314b9db9a1fade26165263f0e0059436ed3fc8f155068a425d0647e [stream]
[debug] [2022-11-28T17:24:00.353Z] >>> [apiv2][query] POST https://upload-firebasehosting.googleapis.com/upload/sites/mobibuyy/versions/f4c543fff011e209/files/0b03c9772aa89315f58413258fbcb7895066b45080a4bc7e8013f42802feff7a [none]
[debug] [2022-11-28T17:24:00.353Z] >>> [apiv2][body] POST https://upload-firebasehosting.googleapis.com/upload/sites/mobibuyy/versions/f4c543fff011e209/files/0b03c9772aa89315f58413258fbcb7895066b45080a4bc7e8013f42802feff7a [stream]
[debug] [2022-11-28T17:24:00.354Z] >>> [apiv2][query] POST https://upload-firebasehosting.googleapis.com/upload/sites/mobibuyy/versions/f4c543fff011e209/files/a638384b3d87b2a12356ce905579226654719c3d3c56be7f55341702c8a3888e [none]
[debug] [2022-11-28T17:24:00.354Z] >>> [apiv2][body] POST https://upload-firebasehosting.googleapis.com/upload/sites/mobibuyy/versions/f4c543fff011e209/files/a638384b3d87b2a12356ce905579226654719c3d3c56be7f55341702c8a3888e [stream]
[debug] [2022-11-28T17:24:00.355Z] >>> [apiv2][query] POST https://upload-firebasehosting.googleapis.com/upload/sites/mobibuyy/versions/f4c543fff011e209/files/d157861e6e3950707a0a0c4323913d08ebb7b716dbd125f77c1705ab29b5d45c [none]
[debug] [2022-11-28T17:24:00.355Z] >>> [apiv2][body] POST https://upload-firebasehosting.googleapis.com/upload/sites/mobibuyy/versions/f4c543fff011e209/files/d157861e6e3950707a0a0c4323913d08ebb7b716dbd125f77c1705ab29b5d45c [stream]
[debug] [2022-11-28T17:24:00.356Z] [hosting][populate queue][FINAL] {"max":1457,"min":1457,"avg":1457,"active":0,"complete":1,"success":1,"errored":0,"retried":0,"total":1,"elapsed":1461}
[debug] [2022-11-28T17:24:00.356Z] [hosting] uploads queued: 4
[debug] [2022-11-28T17:24:02.139Z] <<< [apiv2][status] POST https://upload-firebasehosting.googleapis.com/upload/sites/mobibuyy/versions/f4c543fff011e209/files/d157861e6e3950707a0a0c4323913d08ebb7b716dbd125f77c1705ab29b5d45c 200
[debug] [2022-11-28T17:24:02.140Z] <<< [apiv2][body] POST https://upload-firebasehosting.googleapis.com/upload/sites/mobibuyy/versions/f4c543fff011e209/files/d157861e6e3950707a0a0c4323913d08ebb7b716dbd125f77c1705ab29b5d45c [stream]
[debug] [2022-11-28T17:24:02.415Z] <<< [apiv2][status] POST https://upload-firebasehosting.googleapis.com/upload/sites/mobibuyy/versions/f4c543fff011e209/files/0b03c9772aa89315f58413258fbcb7895066b45080a4bc7e8013f42802feff7a 200
[debug] [2022-11-28T17:24:02.415Z] <<< [apiv2][body] POST https://upload-firebasehosting.googleapis.com/upload/sites/mobibuyy/versions/f4c543fff011e209/files/0b03c9772aa89315f58413258fbcb7895066b45080a4bc7e8013f42802feff7a [stream]
[debug] [2022-11-28T17:24:02.526Z] <<< [apiv2][status] POST https://upload-firebasehosting.googleapis.com/upload/sites/mobibuyy/versions/f4c543fff011e209/files/1718053c0314b9db9a1fade26165263f0e0059436ed3fc8f155068a425d0647e 200
[debug] [2022-11-28T17:24:02.527Z] <<< [apiv2][body] POST https://upload-firebasehosting.googleapis.com/upload/sites/mobibuyy/versions/f4c543fff011e209/files/1718053c0314b9db9a1fade26165263f0e0059436ed3fc8f155068a425d0647e [stream]
[debug] [2022-11-28T17:24:03.297Z] <<< [apiv2][status] POST https://upload-firebasehosting.googleapis.com/upload/sites/mobibuyy/versions/f4c543fff011e209/files/a638384b3d87b2a12356ce905579226654719c3d3c56be7f55341702c8a3888e 200
[debug] [2022-11-28T17:24:03.297Z] <<< [apiv2][body] POST https://upload-firebasehosting.googleapis.com/upload/sites/mobibuyy/versions/f4c543fff011e209/files/a638384b3d87b2a12356ce905579226654719c3d3c56be7f55341702c8a3888e [stream]
[debug] [2022-11-28T17:24:03.297Z] [hosting][upload queue][FINAL] {"max":2946,"min":1788,"avg":2243.75,"active":0,"complete":4,"success":4,"errored":0,"retried":0,"total":4,"elapsed":2946}
[info] +  hosting[mobibuyy]: file upload complete 
[debug] [2022-11-28T17:24:03.299Z] [hosting] deploy completed after 4679ms
[debug] [2022-11-28T17:24:03.305Z] [
  {
    "config": {
      "public": "build",
      "ignore": [
        "firebase.json",
        "**/.*",
        "**/node_modules/**"
      ],
      "rewrites": [
        {
          "source": "**",
          "destination": "/index.html"
        }
      ],
      "site": "mobibuyy"
    },
    "version": "projects/716746606364/sites/mobibuyy/versions/f4c543fff011e209"
  }
]
[info] i  hosting[mobibuyy]: finalizing version... 
[debug] [2022-11-28T17:24:03.308Z] >>> [apiv2][query] PATCH https://firebasehosting.googleapis.com/v1beta1/projects/-/sites/mobibuyy/versions/f4c543fff011e209 updateMask=status%2Cconfig
[debug] [2022-11-28T17:24:03.308Z] >>> [apiv2][body] PATCH https://firebasehosting.googleapis.com/v1beta1/projects/-/sites/mobibuyy/versions/f4c543fff011e209 {"status":"FINALIZED","config":{"rewrites":[{"glob":"**","path":"/index.html"}]}}
[debug] [2022-11-28T17:24:04.851Z] <<< [apiv2][status] PATCH https://firebasehosting.googleapis.com/v1beta1/projects/-/sites/mobibuyy/versions/f4c543fff011e209 200
[debug] [2022-11-28T17:24:04.851Z] <<< [apiv2][body] PATCH https://firebasehosting.googleapis.com/v1beta1/projects/-/sites/mobibuyy/versions/f4c543fff011e209 {"name":"projects/716746606364/sites/mobibuyy/versions/f4c543fff011e209","status":"FINALIZED","config":{"rewrites":[{"glob":"**","path":"/index.html"}]},"labels":{"deployment-tool":"cli-firebase"},"createTime":"2022-11-28T17:23:58.815835Z","createUser":{"email":"atahershihab151@gmail.com"},"finalizeTime":"2022-11-28T17:24:05.515296Z","finalizeUser":{"email":"atahershihab151@gmail.com"}}
[debug] [2022-11-28T17:24:04.851Z] [hosting] finalized version for mobibuyy:[object Object]
[info] +  hosting[mobibuyy]: version finalized 
[info] i  hosting[mobibuyy]: releasing new version... 
[debug] [2022-11-28T17:24:04.853Z] >>> [apiv2][query] POST https://firebasehosting.googleapis.com/v1beta1/projects/-/sites/mobibuyy/channels/live/releases versionName=projects%2F716746606364%2Fsites%2Fmobibuyy%2Fversions%2Ff4c543fff011e209
[debug] [2022-11-28T17:24:04.854Z] >>> [apiv2][body] POST https://firebasehosting.googleapis.com/v1beta1/projects/-/sites/mobibuyy/channels/live/releases {}
[debug] [2022-11-28T17:24:05.836Z] <<< [apiv2][status] POST https://firebasehosting.googleapis.com/v1beta1/projects/-/sites/mobibuyy/channels/live/releases 200
[debug] [2022-11-28T17:24:05.836Z] <<< [apiv2][body] POST https://firebasehosting.googleapis.com/v1beta1/projects/-/sites/mobibuyy/channels/live/releases {"name":"projects/716746606364/sites/mobibuyy/channels/live/releases/1669656245775922","version":{"name":"projects/716746606364/sites/mobibuyy/versions/f4c543fff011e209","status":"FINALIZED","config":{"rewrites":[{"glob":"**","path":"/index.html"}]},"labels":{"deployment-tool":"cli-firebase"},"createTime":"2022-11-28T17:23:58.815835Z","createUser":{"email":"atahershihab151@gmail.com","imageUrl":"https://lh3.googleusercontent.com/a/ALm5wu0chH_r_DyWmCbx2X-TzLho5iRW_KXSECbVr6sS1A"},"finalizeTime":"2022-11-28T17:24:05.515296Z","finalizeUser":{"email":"atahershihab151@gmail.com","imageUrl":"https://lh3.googleusercontent.com/a/ALm5wu0chH_r_DyWmCbx2X-TzLho5iRW_KXSECbVr6sS1A"}},"type":"DEPLOY","releaseTime":"2022-11-28T17:24:05.775922663Z","releaseUser":{"email":"atahershihab151@gmail.com","imageUrl":"https://lh3.googleusercontent.com/a/ALm5wu0chH_r_DyWmCbx2X-TzLho5iRW_KXSECbVr6sS1A"}}
[debug] [2022-11-28T17:24:05.836Z] [hosting] release: {"name":"projects/716746606364/sites/mobibuyy/channels/live/releases/1669656245775922","version":{"name":"projects/716746606364/sites/mobibuyy/versions/f4c543fff011e209","status":"FINALIZED","config":{"rewrites":[{"glob":"**","path":"/index.html"}]},"labels":{"deployment-tool":"cli-firebase"},"createTime":"2022-11-28T17:23:58.815835Z","createUser":{"email":"atahershihab151@gmail.com","imageUrl":"https://lh3.googleusercontent.com/a/ALm5wu0chH_r_DyWmCbx2X-TzLho5iRW_KXSECbVr6sS1A"},"finalizeTime":"2022-11-28T17:24:05.515296Z","finalizeUser":{"email":"atahershihab151@gmail.com","imageUrl":"https://lh3.googleusercontent.com/a/ALm5wu0chH_r_DyWmCbx2X-TzLho5iRW_KXSECbVr6sS1A"}},"type":"DEPLOY","releaseTime":"2022-11-28T17:24:05.775922663Z","releaseUser":{"email":"atahershihab151@gmail.com","imageUrl":"https://lh3.googleusercontent.com/a/ALm5wu0chH_r_DyWmCbx2X-TzLho5iRW_KXSECbVr6sS1A"}}
[info] +  hosting[mobibuyy]: release complete 
[info] 
[info] +  Deploy complete! 
[info] 
[info] Project Console: https://console.firebase.google.com/project/mobibuyy/overview
[info] Hosting URL: https://mobibuyy.web.app
[debug] [2022-11-28T17:24:13.426Z] Error: Timed out.
    at Timeout._onTimeout (C:\Users\ARC\AppData\Roaming\npm\node_modules\firebase-tools\lib\utils.js:253:49)
    at listOnTimeout (node:internal/timers:564:17)
    at process.processTimers (node:internal/timers:507:7)
[error] 
[error] Error: An unexpected error has occurred.
